Wed 27 Mar 2024 02:20:52 PM UTC: 
 tests:  0|6
total_score: 0/70
8ebf868
Sun 31 Mar 2024 12:43:44 AM UTC: 
 list.c | 31 ++++++++++++++++++++++++++-----
 1 file changed, 26 insertions(+), 5 deletions(-)
In file included from test.c:5:
list.c: In function ‘nextList’:
list.c:57:11: error: ‘vpoid’ undeclared (first use in this function); did you mean ‘void’?
   57 |   return (vpoid *)list->current->data;
      |           ^~~~~
      |           void
list.c:57:11: note: each undeclared identifier is reported only once for each function it appears in
list.c:57:18: error: expected expression before ‘)’ token
   57 |   return (vpoid *)list->current->data;
      |                  ^
list.c:59:1: error: control reaches end of non-void function [-Werror=return-type]
   59 | }
      | ^
cc1: all warnings being treated as errors
Compilation failed
70053e0
Sun 31 Mar 2024 12:44:06 AM UTC: 
 list.c | 2 +-
 1 file changed, 1 insertion(+), 1 deletion(-)
 tests:  5|4
total_score: 25/70
6088ed8
Sun 31 Mar 2024 12:49:35 AM UTC: 
 list.c | 31 +++++++++++++++++++++++++++++--
 1 file changed, 29 insertions(+), 2 deletions(-)
 tests:  9|3
total_score: 35/70
b5be895
Sun 31 Mar 2024 12:50:32 AM UTC: 
 list.c | 5 ++++-
 1 file changed, 4 insertions(+), 1 deletion(-)
 tests:  9|3
total_score: 35/70
5c8914c
Sun 31 Mar 2024 12:52:47 AM UTC: 
 list.c | 3 ++-
 1 file changed, 2 insertions(+), 1 deletion(-)
In file included from test.c:5:
list.c: In function ‘pushFront’:
list.c:90:25: error: ‘List’ {aka ‘struct List’} has no member named ‘data’
   90 |     list->current = list->data;
      |                         ^~
Compilation failed
70d49f8
Sun 31 Mar 2024 12:53:53 AM UTC: 
 list.c | 2 +-
 1 file changed, 1 insertion(+), 1 deletion(-)
 tests:  9|3
total_score: 35/70
fef90d5
Sun 31 Mar 2024 12:56:40 AM UTC: 
 list.c | 18 ++++--------------
 1 file changed, 4 insertions(+), 14 deletions(-)
In file included from test.c:5:
list.c: In function ‘pushFront’:
list.c:85:3: error: ‘newNode’ undeclared (first use in this function); did you mean ‘Node’?
   85 |   newNode = createNode(data);
      |   ^~~~~~~
      |   Node
list.c:85:3: note: each undeclared identifier is reported only once for each function it appears in
list.c:89:23: error: expected ‘;’ before ‘}’ token
   89 |   list->head = newNode
      |                       ^
      |                       ;
......
   93 | }
      | ~                      
Compilation failed
c797821
Sun 31 Mar 2024 12:57:11 AM UTC: 
 list.c | 2 +-
 1 file changed, 1 insertion(+), 1 deletion(-)
In file included from test.c:5:
list.c: In function ‘pushFront’:
list.c:85:3: error: ‘newNode’ undeclared (first use in this function); did you mean ‘Node’?
   85 |   newNode = createNode(data);
      |   ^~~~~~~
      |   Node
list.c:85:3: note: each undeclared identifier is reported only once for each function it appears in
Compilation failed
899e027
Sun 31 Mar 2024 12:57:52 AM UTC: 
 list.c | 8 ++++----
 1 file changed, 4 insertions(+), 4 deletions(-)
In file included from test.c:5:
list.c: In function ‘pushFront’:
list.c:85:3: error: ‘nodo’ undeclared (first use in this function)
   85 |   nodo = createNode(data);
      |   ^~~~
list.c:85:3: note: each undeclared identifier is reported only once for each function it appears in
Compilation failed
a91d8ab
Sun 31 Mar 2024 12:58:11 AM UTC: 
 list.c | 2 +-
 1 file changed, 1 insertion(+), 1 deletion(-)
In file included from test.c:5:
list.c: In function ‘pushFront’:
list.c:85:15: error: invalid initializer
   85 |   Node nodo = createNode(data);
      |               ^~~~~~~~~~
list.c:87:7: error: invalid type argument of ‘->’ (have ‘Node’)
   87 |   nodo->next = list->head;
      |       ^~
list.c:88:22: error: incompatible types when assigning to type ‘Node *’ from type ‘Node’
   88 |   list->head->prev = nodo;
      |                      ^~~~
list.c:89:16: error: incompatible types when assigning to type ‘Node *’ from type ‘Node’
   89 |   list->head = nodo;
      |                ^~~~
Compilation failed
bcdb3b2
Sun 31 Mar 2024 12:58:49 AM UTC: 
 list.c | 2 +-
 1 file changed, 1 insertion(+), 1 deletion(-)
 tests:  0|0
1e51830
Sun 31 Mar 2024 12:59:21 AM UTC: 
 list.c | 6 +++---
 1 file changed, 3 insertions(+), 3 deletions(-)
In file included from test.c:5:
list.c: In function ‘pushFront’:
list.c:87:17: error: incompatible types when assigning to type ‘Node’ from type ‘Node *’
   87 |   *nodo->next = list->head;
      |                 ^~~~
list.c:88:22: error: incompatible types when assigning to type ‘Node *’ from type ‘Node’
   88 |   list->head->prev = *nodo;
      |                      ^
list.c:89:16: error: incompatible types when assigning to type ‘Node *’ from type ‘Node’
   89 |   list->head = *nodo;
      |                ^
Compilation failed
b04d3b8
Sun 31 Mar 2024 12:59:28 AM UTC: 
 list.c | 6 +++---
 1 file changed, 3 insertions(+), 3 deletions(-)
 tests:  0|0
df3d1d3
Sun 31 Mar 2024 01:00:04 AM UTC: 
 list.c | 3 ++-
 1 file changed, 2 insertions(+), 1 deletion(-)
In file included from test.c:5:
list.c: In function ‘pushFront’:
list.c:88:3: error: ‘nodo’ undeclared (first use in this function); did you mean ‘node’?
   88 |   nodo->next = list->head;
      |   ^~~~
      |   node
list.c:88:3: note: each undeclared identifier is reported only once for each function it appears in
list.c:85:10: error: unused variable ‘node’ [-Werror=unused-variable]
   85 |   Node * node = createNode(data);
      |          ^~~~
cc1: all warnings being treated as errors
Compilation failed
988ada0
Sun 31 Mar 2024 01:01:14 AM UTC: 
 list.c | 2 +-
 1 file changed, 1 insertion(+), 1 deletion(-)
 tests:  0|0
4576f94
Sun 31 Mar 2024 01:05:05 AM UTC: 
 list.c | 5 ++++-
 1 file changed, 4 insertions(+), 1 deletion(-)
 tests:  10|2
total_score: 45/70
6441b83
Sun 31 Mar 2024 01:13:36 AM UTC: 
 list.c | 15 +++++++++++++--
 1 file changed, 13 insertions(+), 2 deletions(-)
 tests:  10|2
total_score: 45/70
5010f0d
Sun 31 Mar 2024 01:14:48 AM UTC: 
 list.c | 2 +-
 1 file changed, 1 insertion(+), 1 deletion(-)
 tests:  10|2
total_score: 45/70
aa61b1c
Sun 31 Mar 2024 01:16:14 AM UTC: 
 list.c | 2 +-
 1 file changed, 1 insertion(+), 1 deletion(-)
 tests:  10|2
total_score: 45/70
269263f
Sun 31 Mar 2024 01:18:47 AM UTC: 
 list.c | 14 +++++++++++++-
 1 file changed, 13 insertions(+), 1 deletion(-)
 tests:  11|1
total_score: 55/70
1acda13
Sun 31 Mar 2024 01:22:20 AM UTC: 
 list.c | 15 ++++++++++++++-
 1 file changed, 14 insertions(+), 1 deletion(-)
In file included from test.c:5:
list.c: In function ‘popFront’:
list.c:141:9: error: unused variable ‘data’ [-Werror=unused-variable]
  141 |   void* data = (void*)aux->data;
      |         ^~~~
cc1: all warnings being treated as errors
Compilation failed
2414138
Sun 31 Mar 2024 01:22:37 AM UTC: 
 list.c | 2 +-
 1 file changed, 1 insertion(+), 1 deletion(-)
 tests:  11|1
total_score: 55/70
914f260
Sun 31 Mar 2024 01:23:35 AM UTC: 
 list.c | 13 ++++++++++++-
 1 file changed, 12 insertions(+), 1 deletion(-)
In file included from test.c:5:
list.c: In function ‘popCurrent’:
list.c:158:9: error: unused variable ‘aux’ [-Werror=unused-variable]
  158 |   Node* aux = list->current;
      |         ^~~
cc1: all warnings being treated as errors
Compilation failed
40443cc
Sun 31 Mar 2024 01:23:54 AM UTC: 
 list.c | 2 +-
 1 file changed, 1 insertion(+), 1 deletion(-)
 tests:  0|0
c61cd98
Sun 31 Mar 2024 01:25:30 AM UTC: 
 list.c | 2 +-
 1 file changed, 1 insertion(+), 1 deletion(-)
In file included from test.c:5:
list.c: In function ‘popCurrent’:
list.c:165:14: error: expected ‘=’, ‘,’, ‘;’, ‘asm’ or ‘__attribute__’ before ‘->’ token
  165 |   void * list->data = list->current->data;
      |              ^~
list.c:165:14: error: expected expression before ‘->’ token
Compilation failed
304dc05
Sun 31 Mar 2024 01:25:42 AM UTC: 
 list.c | 2 +-
 1 file changed, 1 insertion(+), 1 deletion(-)
In file included from test.c:5:
list.c: In function ‘popCurrent’:
list.c:165:14: error: expected ‘=’, ‘,’, ‘;’, ‘asm’ or ‘__attribute__’ before ‘.’ token
  165 |   void * list.data = list->current->data;
      |              ^
list.c:165:14: error: expected expression before ‘.’ token
Compilation failed
668731a
Sun 31 Mar 2024 01:25:54 AM UTC: 
 list.c | 2 +-
 1 file changed, 1 insertion(+), 1 deletion(-)
In file included from test.c:5:
list.c: In function ‘popCurrent’:
list.c:165:14: error: expected ‘=’, ‘,’, ‘;’, ‘asm’ or ‘__attribute__’ before ‘->’ token
  165 |   void * list->data = list->current->data;
      |              ^~
list.c:165:14: error: expected expression before ‘->’ token
Compilation failed
3083718
Sun 31 Mar 2024 01:27:27 AM UTC: 
 list.c | 2 +-
 1 file changed, 1 insertion(+), 1 deletion(-)
In file included from test.c:5:
list.c: In function ‘popCurrent’:
list.c:165:14: error: expected ‘=’, ‘,’, ‘;’, ‘asm’ or ‘__attribute__’ before ‘->’ token
  165 |   void * list->data = list.current->next->data;
      |              ^~
list.c:165:14: error: expected expression before ‘->’ token
list.c:165:27: error: ‘list’ is a pointer; did you mean to use ‘->’?
  165 |   void * list->data = list.current->next->data;
      |                           ^
      |                           ->
Compilation failed
88bc740
Sun 31 Mar 2024 01:27:34 AM UTC: 
 list.c | 2 +-
 1 file changed, 1 insertion(+), 1 deletion(-)
In file included from test.c:5:
list.c: In function ‘popCurrent’:
list.c:165:14: error: expected ‘=’, ‘,’, ‘;’, ‘asm’ or ‘__attribute__’ before ‘->’ token
  165 |   void * list->data = list->current->next->data;
      |              ^~
list.c:165:14: error: expected expression before ‘->’ token
Compilation failed
13124e4
Sun 31 Mar 2024 01:27:49 AM UTC: 
 list.c | 2 +-
 1 file changed, 1 insertion(+), 1 deletion(-)
In file included from test.c:5:
list.c: In function ‘popCurrent’:
list.c:165:14: error: expected ‘=’, ‘,’, ‘;’, ‘asm’ or ‘__attribute__’ before ‘->’ token
  165 |   void * list->current->data = list->current->next->data;
      |              ^~
list.c:165:14: error: expected expression before ‘->’ token
Compilation failed
0f85e07
Sun 31 Mar 2024 01:29:50 AM UTC: 
 list.c | 22 ++++++++++++++--------
 1 file changed, 14 insertions(+), 8 deletions(-)
In file included from test.c:5:
list.c: In function ‘popCurrent’:
list.c:173:1: error: control reaches end of non-void function [-Werror=return-type]
  173 | }
      | ^
cc1: all warnings being treated as errors
Compilation failed
8242d73
Sun 31 Mar 2024 01:30:23 AM UTC: 
 list.c | 2 +-
 1 file changed, 1 insertion(+), 1 deletion(-)
In file included from test.c:5:
list.c: In function ‘popCurrent’:
list.c:159:3: error: expected expression before ‘Node’
  159 |   Node* toDelete = list->current;
      |   ^~~~
list.c:160:7: error: ‘toDelete’ undeclared (first use in this function)
  160 |   if (toDelete == list->head) {
      |       ^~~~~~~~
list.c:160:7: note: each undeclared identifier is reported only once for each function it appears in
list.c:173:1: error: control reaches end of non-void function [-Werror=return-type]
  173 | }
      | ^
cc1: all warnings being treated as errors
Compilation failed
c0d79ba
Sun 31 Mar 2024 01:30:46 AM UTC: 
 list.c | 2 +-
 1 file changed, 1 insertion(+), 1 deletion(-)
In file included from test.c:5:
list.c: In function ‘popCurrent’:
list.c:159:3: error: expected expression before ‘Node’
  159 |   Node* toDelete = list->current;
      |   ^~~~
list.c:160:7: error: ‘toDelete’ undeclared (first use in this function)
  160 |   if (toDelete == list->head) {
      |       ^~~~~~~~
list.c:160:7: note: each undeclared identifier is reported only once for each function it appears in
list.c:173:1: error: control reaches end of non-void function [-Werror=return-type]
  173 | }
      | ^
cc1: all warnings being treated as errors
Compilation failed
8e431b0
Sun 31 Mar 2024 01:33:04 AM UTC: 
 list.c | 8 +++++---
 1 file changed, 5 insertions(+), 3 deletions(-)
In file included from test.c:5:
list.c: In function ‘popCurrent’:
list.c:158:9: error: ‘return’ with no value, in function returning non-void [-Werror=return-type]
  158 |         return;
      |         ^~~~~~
list.c:154:8: note: declared here
  154 | void * popCurrent(List * list)
      |        ^~~~~~~~~~
cc1: all warnings being treated as errors
Compilation failed
d78c6a8
Sun 31 Mar 2024 01:33:52 AM UTC: 
 list.c | 3 +--
 1 file changed, 1 insertion(+), 2 deletions(-)
In file included from test.c:5:
list.c: In function ‘popCurrent’:
list.c:174:1: error: control reaches end of non-void function [-Werror=return-type]
  174 | }
      | ^
cc1: all warnings being treated as errors
Compilation failed
eac8382
Sun 31 Mar 2024 01:36:18 AM UTC: 
 list.c | 23 ++++++++++++++---------
 1 file changed, 14 insertions(+), 9 deletions(-)
In file included from test.c:5:
list.c: In function ‘popCurrent’:
list.c:179:1: error: control reaches end of non-void function [-Werror=return-type]
  179 | }
      | ^
cc1: all warnings being treated as errors
Compilation failed
2d82be4
Sun 31 Mar 2024 01:37:30 AM UTC: 
 list.c | 1 +
 1 file changed, 1 insertion(+)
 tests:  0|0
426f36a
Sun 31 Mar 2024 01:37:57 AM UTC: 
 list.c | 3 ++-
 1 file changed, 2 insertions(+), 1 deletion(-)
In file included from test.c:5:
list.c: In function ‘popCurrent’:
list.c:177:14: error: expected ‘=’, ‘,’, ‘;’, ‘asm’ or ‘__attribute__’ before ‘->’ token
  177 |   void * list->current->data = list->current->next->data;
      |              ^~
list.c:177:14: error: expected expression before ‘->’ token
Compilation failed
0655816
Sun 31 Mar 2024 01:38:18 AM UTC: 
 list.c | 2 +-
 1 file changed, 1 insertion(+), 1 deletion(-)
 tests:  0|0
f705d20
Sun 31 Mar 2024 01:41:34 AM UTC: 
 list.c | 16 ++++++++++------
 1 file changed, 10 insertions(+), 6 deletions(-)
In file included from test.c:5:
list.c: In function ‘popFront’:
list.c:135:5: error: ‘return’ with no value, in function returning non-void [-Werror=return-type]
  135 |     return;
      |     ^~~~~~
list.c:131:8: note: declared here
  131 | void * popFront(List * list)
      |        ^~~~~~~~
cc1: all warnings being treated as errors
Compilation failed
1ebaceb
Sun 31 Mar 2024 01:41:50 AM UTC: 
 list.c | 3 +--
 1 file changed, 1 insertion(+), 2 deletions(-)
 tests:  0|0
a8efb1f
